{"/home/ilyas/script/vuetiful-utilities/src/utilities/array-get.js": {"path":"/home/ilyas/script/vuetiful-utilities/src/utilities/array-get.js","statementMap":{"0":{"start":{"line":2,"column":2},"end":{"line":null,"column":-1}},"1":{"start":{"line":2,"column":31},"end":{"line":null,"column":-1}}},"fnMap":{"0":{"name":"arrayGet","decl":{"start":{"line":1,"column":24},"end":{"line":1,"column":15}},"loc":{"start":{"line":1,"column":44},"end":{"line":3,"column":1}}},"1":{"name":"(anonymous_1)","decl":{"start":{"line":2,"column":31},"end":{"line":2,"column":31}},"loc":{"start":{"line":2,"column":31},"end":{"line":2,"column":9}}}},"branchMap":{},"s":{"0":0,"1":0},"f":{"0":0,"1":0},"b":{}}
,"/home/ilyas/script/vuetiful-utilities/src/utilities/average-of.js": {"path":"/home/ilyas/script/vuetiful-utilities/src/utilities/average-of.js","statementMap":{"0":{"start":{"line":4,"column":14},"end":{"line":4,"column":38}},"1":{"start":{"line":6,"column":2},"end":{"line":6,"column":45}}},"fnMap":{"0":{"name":"averageOf","decl":{"start":{"line":3,"column":24},"end":{"line":3,"column":33}},"loc":{"start":{"line":3,"column":52},"end":{"line":7,"column":1}},"line":3}},"branchMap":{"0":{"loc":{"start":{"line":6,"column":9},"end":{"line":6,"column":45}},"type":"cond-expr","locations":[{"start":{"line":6,"column":17},"end":{"line":6,"column":37}},{"start":{"line":6,"column":40},"end":{"line":6,"column":45}}],"line":6}},"s":{"0":1,"1":1},"f":{"0":1},"b":{"0":[1,0]},"_coverageSchema":"332fd63041d2c1bcb487cc26dd0d5f7d97098a6c","hash":"d45e03136ffd1d19ac2d21be6a3d7aaf65928a6c"}
,"/home/ilyas/script/vuetiful-utilities/src/utilities/compare.js": {"path":"/home/ilyas/script/vuetiful-utilities/src/utilities/compare.js","statementMap":{"0":{"start":{"line":2,"column":19},"end":{"line":2,"column":20}},"1":{"start":{"line":4,"column":2},"end":{"line":8,"column":3}},"2":{"start":{"line":5,"column":4},"end":{"line":5,"column":18}},"3":{"start":{"line":6,"column":9},"end":{"line":8,"column":3}},"4":{"start":{"line":7,"column":4},"end":{"line":7,"column":19}},"5":{"start":{"line":9,"column":2},"end":{"line":9,"column":47}}},"fnMap":{"0":{"name":"compare","decl":{"start":{"line":1,"column":24},"end":{"line":1,"column":31}},"loc":{"start":{"line":1,"column":56},"end":{"line":10,"column":1}},"line":1}},"branchMap":{"0":{"loc":{"start":{"line":1,"column":39},"end":{"line":1,"column":54}},"type":"default-arg","locations":[{"start":{"line":1,"column":49},"end":{"line":1,"column":54}}],"line":1},"1":{"loc":{"start":{"line":4,"column":2},"end":{"line":8,"column":3}},"type":"if","locations":[{"start":{"line":4,"column":2},"end":{"line":8,"column":3}},{"start":{"line":4,"column":2},"end":{"line":8,"column":3}}],"line":4},"2":{"loc":{"start":{"line":6,"column":9},"end":{"line":8,"column":3}},"type":"if","locations":[{"start":{"line":6,"column":9},"end":{"line":8,"column":3}},{"start":{"line":6,"column":9},"end":{"line":8,"column":3}}],"line":6},"3":{"loc":{"start":{"line":9,"column":9},"end":{"line":9,"column":47}},"type":"cond-expr","locations":[{"start":{"line":9,"column":19},"end":{"line":9,"column":34}},{"start":{"line":9,"column":37},"end":{"line":9,"column":47}}],"line":9}},"s":{"0":0,"1":0,"2":0,"3":0,"4":0,"5":0},"f":{"0":0},"b":{"0":[0],"1":[0,0],"2":[0,0],"3":[0,0]},"_coverageSchema":"332fd63041d2c1bcb487cc26dd0d5f7d97098a6c","hash":"b64c2811f939e197f3f8867e8402bf4546db2f40"}
,"/home/ilyas/script/vuetiful-utilities/src/utilities/exists.js": {"path":"/home/ilyas/script/vuetiful-utilities/src/utilities/exists.js","statementMap":{"0":{"start":{"line":2,"column":2},"end":{"line":2,"column":42}}},"fnMap":{"0":{"name":"exists","decl":{"start":{"line":1,"column":24},"end":{"line":1,"column":30}},"loc":{"start":{"line":1,"column":37},"end":{"line":3,"column":1}},"line":1}},"branchMap":{"0":{"loc":{"start":{"line":2,"column":9},"end":{"line":2,"column":42}},"type":"binary-expr","locations":[{"start":{"line":2,"column":9},"end":{"line":2,"column":26}},{"start":{"line":2,"column":30},"end":{"line":2,"column":42}}],"line":2}},"s":{"0":12},"f":{"0":12},"b":{"0":[12,12]},"_coverageSchema":"332fd63041d2c1bcb487cc26dd0d5f7d97098a6c","hash":"f17da110b2a6a3b57731e11ab43aa2345ffc281b"}
,"/home/ilyas/script/vuetiful-utilities/src/utilities/filter-by.js": {"path":"/home/ilyas/script/vuetiful-utilities/src/utilities/filter-by.js","statementMap":{"0":{"start":{"line":2,"column":25},"end":{"line":2,"column":56}},"1":{"start":{"line":13,"column":2},"end":{"line":15,"column":3}},"2":{"start":{"line":14,"column":4},"end":{"line":14,"column":16}},"3":{"start":{"line":17,"column":17},"end":{"line":17,"column":19}},"4":{"start":{"line":19,"column":2},"end":{"line":39,"column":3}},"5":{"start":{"line":20,"column":15},"end":{"line":20,"column":23}},"6":{"start":{"line":22,"column":4},"end":{"line":38,"column":5}},"7":{"start":{"line":23,"column":18},"end":{"line":23,"column":28}},"8":{"start":{"line":27,"column":6},"end":{"line":29,"column":7}},"9":{"start":{"line":28,"column":8},"end":{"line":28,"column":16}},"10":{"start":{"line":32,"column":23},"end":{"line":32,"column":53}},"11":{"start":{"line":34,"column":6},"end":{"line":37,"column":7}},"12":{"start":{"line":35,"column":8},"end":{"line":35,"column":27}},"13":{"start":{"line":36,"column":8},"end":{"line":36,"column":13}},"14":{"start":{"line":41,"column":2},"end":{"line":41,"column":17}}},"fnMap":{"0":{"name":"filterBy","decl":{"start":{"line":12,"column":24},"end":{"line":12,"column":32}},"loc":{"start":{"line":12,"column":49},"end":{"line":42,"column":1}},"line":12}},"branchMap":{"0":{"loc":{"start":{"line":13,"column":2},"end":{"line":15,"column":3}},"type":"if","locations":[{"start":{"line":13,"column":2},"end":{"line":15,"column":3}},{"start":{"line":13,"column":2},"end":{"line":15,"column":3}}],"line":13},"1":{"loc":{"start":{"line":27,"column":6},"end":{"line":29,"column":7}},"type":"if","locations":[{"start":{"line":27,"column":6},"end":{"line":29,"column":7}},{"start":{"line":27,"column":6},"end":{"line":29,"column":7}}],"line":27},"2":{"loc":{"start":{"line":34,"column":6},"end":{"line":37,"column":7}},"type":"if","locations":[{"start":{"line":34,"column":6},"end":{"line":37,"column":7}},{"start":{"line":34,"column":6},"end":{"line":37,"column":7}}],"line":34}},"s":{"0":1,"1":3,"2":0,"3":3,"4":3,"5":6,"6":6,"7":14,"8":14,"9":0,"10":14,"11":14,"12":3,"13":3,"14":3},"f":{"0":3},"b":{"0":[0,3],"1":[0,14],"2":[3,11]},"_coverageSchema":"332fd63041d2c1bcb487cc26dd0d5f7d97098a6c","hash":"45cbaa6cfdac4ff2d78dcf6b48e7d61e8a42d1d4"}
,"/home/ilyas/script/vuetiful-utilities/src/utilities/filter.js": {"path":"/home/ilyas/script/vuetiful-utilities/src/utilities/filter.js","statementMap":{"0":{"start":{"line":7,"column":19},"end":{"line":7,"column":35}},"1":{"start":{"line":8,"column":2},"end":{"line":28,"column":3}},"2":{"start":{"line":9,"column":4},"end":{"line":27,"column":6}},"3":{"start":{"line":10,"column":6},"end":{"line":26,"column":8}},"4":{"start":{"line":11,"column":8},"end":{"line":25,"column":9}},"5":{"start":{"line":12,"column":10},"end":{"line":12,"column":21}},"6":{"start":{"line":13,"column":15},"end":{"line":25,"column":9}},"7":{"start":{"line":16,"column":10},"end":{"line":16,"column":66}},"8":{"start":{"line":17,"column":15},"end":{"line":25,"column":9}},"9":{"start":{"line":20,"column":10},"end":{"line":20,"column":94}},"10":{"start":{"line":21,"column":15},"end":{"line":25,"column":9}},"11":{"start":{"line":22,"column":10},"end":{"line":22,"column":57}},"12":{"start":{"line":24,"column":10},"end":{"line":24,"column":60}},"13":{"start":{"line":30,"column":2},"end":{"line":30,"column":19}}},"fnMap":{"0":{"name":"filter","decl":{"start":{"line":6,"column":24},"end":{"line":6,"column":30}},"loc":{"start":{"line":6,"column":48},"end":{"line":31,"column":1}},"line":6},"1":{"name":"(anonymous_1)","decl":{"start":{"line":9,"column":35},"end":{"line":9,"column":36}},"loc":{"start":{"line":9,"column":42},"end":{"line":27,"column":5}},"line":9},"2":{"name":"(anonymous_2)","decl":{"start":{"line":10,"column":40},"end":{"line":10,"column":41}},"loc":{"start":{"line":10,"column":56},"end":{"line":26,"column":7}},"line":10}},"branchMap":{"0":{"loc":{"start":{"line":8,"column":2},"end":{"line":28,"column":3}},"type":"if","locations":[{"start":{"line":8,"column":2},"end":{"line":28,"column":3}},{"start":{"line":8,"column":2},"end":{"line":28,"column":3}}],"line":8},"1":{"loc":{"start":{"line":11,"column":8},"end":{"line":25,"column":9}},"type":"if","locations":[{"start":{"line":11,"column":8},"end":{"line":25,"column":9}},{"start":{"line":11,"column":8},"end":{"line":25,"column":9}}],"line":11},"2":{"loc":{"start":{"line":13,"column":15},"end":{"line":25,"column":9}},"type":"if","locations":[{"start":{"line":13,"column":15},"end":{"line":25,"column":9}},{"start":{"line":13,"column":15},"end":{"line":25,"column":9}}],"line":13},"3":{"loc":{"start":{"line":17,"column":15},"end":{"line":25,"column":9}},"type":"if","locations":[{"start":{"line":17,"column":15},"end":{"line":25,"column":9}},{"start":{"line":17,"column":15},"end":{"line":25,"column":9}}],"line":17},"4":{"loc":{"start":{"line":21,"column":15},"end":{"line":25,"column":9}},"type":"if","locations":[{"start":{"line":21,"column":15},"end":{"line":25,"column":9}},{"start":{"line":21,"column":15},"end":{"line":25,"column":9}}],"line":21}},"s":{"0":4,"1":4,"2":4,"3":10,"4":14,"5":0,"6":14,"7":0,"8":14,"9":12,"10":2,"11":0,"12":2,"13":4},"f":{"0":4,"1":10,"2":14},"b":{"0":[4,0],"1":[0,14],"2":[0,14],"3":[12,2],"4":[0,2]},"_coverageSchema":"332fd63041d2c1bcb487cc26dd0d5f7d97098a6c","hash":"63e955924db1e23c59786d5ddfb715a4a7fc2cbf"}
,"/home/ilyas/script/vuetiful-utilities/src/utilities/first-of.js": {"path":"/home/ilyas/script/vuetiful-utilities/src/utilities/first-of.js","statementMap":{"0":{"start":{"line":3,"column":2},"end":{"line":5,"column":3}},"1":{"start":{"line":4,"column":4},"end":{"line":null,"column":-1}},"2":{"start":{"line":7,"column":2},"end":{"line":null,"column":-1}}},"fnMap":{"0":{"name":"firstOf","decl":{"start":{"line":2,"column":24},"end":{"line":2,"column":15}},"loc":{"start":{"line":2,"column":40},"end":{"line":8,"column":1}}}},"branchMap":{"0":{"loc":{"start":{"line":3,"column":2},"end":{"line":5,"column":3}},"type":"if","locations":[{"start":{"line":3,"column":2},"end":{"line":5,"column":3}},{"start":{"line":3,"column":2},"end":{"line":5,"column":3}}]},"1":{"loc":{"start":{"line":3,"column":6},"end":{"line":3,"column":5}},"type":"binary-expr","locations":[{"start":{"line":3,"column":6},"end":{"line":3,"column":5}},{"start":{"line":3,"column":23},"end":{"line":3,"column":2}}]}},"s":{"0":0,"1":0,"2":0},"f":{"0":0},"b":{"0":[0,0],"1":[0,0]}}
,"/home/ilyas/script/vuetiful-utilities/src/utilities/group-by.js": {"path":"/home/ilyas/script/vuetiful-utilities/src/utilities/group-by.js","statementMap":{"0":{"start":{"line":10,"column":2},"end":{"line":10,"column":39}},"1":{"start":{"line":10,"column":34},"end":{"line":10,"column":38}},"2":{"start":{"line":12,"column":15},"end":{"line":12,"column":17}},"3":{"start":{"line":14,"column":2},"end":{"line":22,"column":3}},"4":{"start":{"line":15,"column":16},"end":{"line":15,"column":42}},"5":{"start":{"line":17,"column":4},"end":{"line":19,"column":5}},"6":{"start":{"line":18,"column":6},"end":{"line":18,"column":24}},"7":{"start":{"line":21,"column":4},"end":{"line":21,"column":28}},"8":{"start":{"line":24,"column":2},"end":{"line":24,"column":15}}},"fnMap":{"0":{"name":"groupBy","decl":{"start":{"line":9,"column":24},"end":{"line":9,"column":31}},"loc":{"start":{"line":9,"column":50},"end":{"line":25,"column":1}},"line":9},"1":{"name":"(anonymous_1)","decl":{"start":{"line":10,"column":26},"end":{"line":10,"column":27}},"loc":{"start":{"line":10,"column":34},"end":{"line":10,"column":38}},"line":10}},"branchMap":{"0":{"loc":{"start":{"line":10,"column":13},"end":{"line":10,"column":39}},"type":"binary-expr","locations":[{"start":{"line":10,"column":13},"end":{"line":10,"column":21}},{"start":{"line":10,"column":26},"end":{"line":10,"column":38}}],"line":10},"1":{"loc":{"start":{"line":17,"column":4},"end":{"line":19,"column":5}},"type":"if","locations":[{"start":{"line":17,"column":4},"end":{"line":19,"column":5}},{"start":{"line":17,"column":4},"end":{"line":19,"column":5}}],"line":17}},"s":{"0":0,"1":0,"2":0,"3":0,"4":0,"5":0,"6":0,"7":0,"8":0},"f":{"0":0,"1":0},"b":{"0":[0,0],"1":[0,0]},"_coverageSchema":"332fd63041d2c1bcb487cc26dd0d5f7d97098a6c","hash":"65489efa029569e5b161725da1dce861431f1012"}
,"/home/ilyas/script/vuetiful-utilities/src/utilities/is-array.js": {"path":"/home/ilyas/script/vuetiful-utilities/src/utilities/is-array.js","statementMap":{"0":{"start":{"line":2,"column":2},"end":{"line":2,"column":27}}},"fnMap":{"0":{"name":"isArray","decl":{"start":{"line":1,"column":24},"end":{"line":1,"column":31}},"loc":{"start":{"line":1,"column":38},"end":{"line":3,"column":1}},"line":1}},"branchMap":{},"s":{"0":41},"f":{"0":41},"b":{},"_coverageSchema":"332fd63041d2c1bcb487cc26dd0d5f7d97098a6c","hash":"e6f902e6746748fb4d26ad1142c7dde235d37e2b"}
,"/home/ilyas/script/vuetiful-utilities/src/utilities/is-empty.js": {"path":"/home/ilyas/script/vuetiful-utilities/src/utilities/is-empty.js","statementMap":{"0":{"start":{"line":6,"column":2},"end":{"line":15,"column":3}},"1":{"start":{"line":7,"column":4},"end":{"line":7,"column":27}},"2":{"start":{"line":8,"column":9},"end":{"line":15,"column":3}},"3":{"start":{"line":9,"column":4},"end":{"line":13,"column":5}},"4":{"start":{"line":10,"column":6},"end":{"line":12,"column":7}},"5":{"start":{"line":11,"column":8},"end":{"line":11,"column":20}},"6":{"start":{"line":14,"column":4},"end":{"line":14,"column":15}},"7":{"start":{"line":16,"column":2},"end":{"line":16,"column":62}}},"fnMap":{"0":{"name":"isEmpty","decl":{"start":{"line":5,"column":24},"end":{"line":5,"column":31}},"loc":{"start":{"line":5,"column":38},"end":{"line":17,"column":1}},"line":5}},"branchMap":{"0":{"loc":{"start":{"line":6,"column":2},"end":{"line":15,"column":3}},"type":"if","locations":[{"start":{"line":6,"column":2},"end":{"line":15,"column":3}},{"start":{"line":6,"column":2},"end":{"line":15,"column":3}}],"line":6},"1":{"loc":{"start":{"line":6,"column":6},"end":{"line":6,"column":35}},"type":"binary-expr","locations":[{"start":{"line":6,"column":6},"end":{"line":6,"column":19}},{"start":{"line":6,"column":23},"end":{"line":6,"column":35}}],"line":6},"2":{"loc":{"start":{"line":8,"column":9},"end":{"line":15,"column":3}},"type":"if","locations":[{"start":{"line":8,"column":9},"end":{"line":15,"column":3}},{"start":{"line":8,"column":9},"end":{"line":15,"column":3}}],"line":8},"3":{"loc":{"start":{"line":10,"column":6},"end":{"line":12,"column":7}},"type":"if","locations":[{"start":{"line":10,"column":6},"end":{"line":12,"column":7}},{"start":{"line":10,"column":6},"end":{"line":12,"column":7}}],"line":10}},"s":{"0":11,"1":5,"2":6,"3":5,"4":4,"5":4,"6":1,"7":1},"f":{"0":11},"b":{"0":[5,6],"1":[11,8],"2":[5,1],"3":[4,0]},"_coverageSchema":"332fd63041d2c1bcb487cc26dd0d5f7d97098a6c","hash":"777b63b4113373fa046808970de103737d84fa27"}
,"/home/ilyas/script/vuetiful-utilities/src/utilities/is-float.js": {"path":"/home/ilyas/script/vuetiful-utilities/src/utilities/is-float.js","statementMap":{"0":{"start":{"line":2,"column":2},"end":{"line":2,"column":34}}},"fnMap":{"0":{"name":"isFloat","decl":{"start":{"line":1,"column":24},"end":{"line":1,"column":31}},"loc":{"start":{"line":1,"column":36},"end":{"line":3,"column":1}},"line":1}},"branchMap":{"0":{"loc":{"start":{"line":2,"column":9},"end":{"line":2,"column":34}},"type":"binary-expr","locations":[{"start":{"line":2,"column":9},"end":{"line":2,"column":17}},{"start":{"line":2,"column":21},"end":{"line":2,"column":34}}],"line":2}},"s":{"0":2},"f":{"0":2},"b":{"0":[2,2]},"_coverageSchema":"332fd63041d2c1bcb487cc26dd0d5f7d97098a6c","hash":"9e709bb7dc68f284b446d069eac4f73669579554"}
,"/home/ilyas/script/vuetiful-utilities/src/utilities/is-function.js": {"path":"/home/ilyas/script/vuetiful-utilities/src/utilities/is-function.js","statementMap":{"0":{"start":{"line":2,"column":16},"end":{"line":2,"column":18}},"1":{"start":{"line":3,"column":2},"end":{"line":6,"column":3}}},"fnMap":{"0":{"name":"isFunction","decl":{"start":{"line":1,"column":24},"end":{"line":1,"column":34}},"loc":{"start":{"line":1,"column":53},"end":{"line":7,"column":1}},"line":1}},"branchMap":{"0":{"loc":{"start":{"line":4,"column":4},"end":{"line":5,"column":66}},"type":"binary-expr","locations":[{"start":{"line":4,"column":4},"end":{"line":4,"column":19}},{"start":{"line":5,"column":4},"end":{"line":5,"column":66}}],"line":4}},"s":{"0":2,"1":2},"f":{"0":2},"b":{"0":[2,0]},"_coverageSchema":"332fd63041d2c1bcb487cc26dd0d5f7d97098a6c","hash":"088baf1e52c25a9da892f7899266143661e86275"}
,"/home/ilyas/script/vuetiful-utilities/src/utilities/is-integer.js": {"path":"/home/ilyas/script/vuetiful-utilities/src/utilities/is-integer.js","statementMap":{"0":{"start":{"line":2,"column":2},"end":{"line":4,"column":3}},"1":{"start":{"line":3,"column":4},"end":{"line":null,"column":-1}},"2":{"start":{"line":5,"column":10},"end":{"line":5,"column":2}},"3":{"start":{"line":6,"column":2},"end":{"line":null,"column":-1}}},"fnMap":{"0":{"name":"isInteger","decl":{"start":{"line":1,"column":24},"end":{"line":1,"column":15}},"loc":{"start":{"line":1,"column":40},"end":{"line":7,"column":1}}}},"branchMap":{"0":{"loc":{"start":{"line":2,"column":2},"end":{"line":4,"column":3}},"type":"if","locations":[{"start":{"line":2,"column":2},"end":{"line":4,"column":3}},{"start":{"line":2,"column":2},"end":{"line":4,"column":3}}]}},"s":{"0":0,"1":0,"2":0,"3":0},"f":{"0":0},"b":{"0":[0,0]}}
,"/home/ilyas/script/vuetiful-utilities/src/utilities/is-object.js": {"path":"/home/ilyas/script/vuetiful-utilities/src/utilities/is-object.js","statementMap":{"0":{"start":{"line":5,"column":2},"end":{"line":12,"column":3}}},"fnMap":{"0":{"name":"isObject","decl":{"start":{"line":4,"column":24},"end":{"line":4,"column":32}},"loc":{"start":{"line":4,"column":39},"end":{"line":13,"column":1}},"line":4}},"branchMap":{"0":{"loc":{"start":{"line":6,"column":4},"end":{"line":11,"column":28}},"type":"binary-expr","locations":[{"start":{"line":6,"column":4},"end":{"line":6,"column":27}},{"start":{"line":7,"column":4},"end":{"line":7,"column":15}},{"start":{"line":8,"column":4},"end":{"line":8,"column":17}},{"start":{"line":9,"column":4},"end":{"line":9,"column":28}},{"start":{"line":10,"column":4},"end":{"line":10,"column":28}},{"start":{"line":11,"column":4},"end":{"line":11,"column":28}}],"line":6}},"s":{"0":23},"f":{"0":23},"b":{"0":[23,11,11,11,11,11]},"_coverageSchema":"332fd63041d2c1bcb487cc26dd0d5f7d97098a6c","hash":"c0326866923abb93bc89905e754999457e4a616e"}
,"/home/ilyas/script/vuetiful-utilities/src/utilities/is-string.js": {"path":"/home/ilyas/script/vuetiful-utilities/src/utilities/is-string.js","statementMap":{"0":{"start":{"line":2,"column":2},"end":{"line":2,"column":57}}},"fnMap":{"0":{"name":"isString","decl":{"start":{"line":1,"column":24},"end":{"line":1,"column":32}},"loc":{"start":{"line":1,"column":39},"end":{"line":3,"column":1}},"line":1}},"branchMap":{"0":{"loc":{"start":{"line":2,"column":9},"end":{"line":2,"column":57}},"type":"binary-expr","locations":[{"start":{"line":2,"column":9},"end":{"line":2,"column":32}},{"start":{"line":2,"column":36},"end":{"line":2,"column":57}}],"line":2}},"s":{"0":25},"f":{"0":25},"b":{"0":[25,10]},"_coverageSchema":"332fd63041d2c1bcb487cc26dd0d5f7d97098a6c","hash":"f0c40142447b7495184f81e5c2f5fe9f06efd21a"}
,"/home/ilyas/script/vuetiful-utilities/src/utilities/last-of.js": {"path":"/home/ilyas/script/vuetiful-utilities/src/utilities/last-of.js","statementMap":{"0":{"start":{"line":3,"column":2},"end":{"line":5,"column":3}},"1":{"start":{"line":4,"column":4},"end":{"line":null,"column":-1}},"2":{"start":{"line":7,"column":2},"end":{"line":null,"column":-1}}},"fnMap":{"0":{"name":"lastOf","decl":{"start":{"line":2,"column":24},"end":{"line":2,"column":15}},"loc":{"start":{"line":2,"column":39},"end":{"line":8,"column":1}}}},"branchMap":{"0":{"loc":{"start":{"line":3,"column":2},"end":{"line":5,"column":3}},"type":"if","locations":[{"start":{"line":3,"column":2},"end":{"line":5,"column":3}},{"start":{"line":3,"column":2},"end":{"line":5,"column":3}}]},"1":{"loc":{"start":{"line":3,"column":6},"end":{"line":3,"column":5}},"type":"binary-expr","locations":[{"start":{"line":3,"column":6},"end":{"line":3,"column":5}},{"start":{"line":3,"column":23},"end":{"line":3,"column":2}}]}},"s":{"0":0,"1":0,"2":0},"f":{"0":0},"b":{"0":[0,0],"1":[0,0]}}
,"/home/ilyas/script/vuetiful-utilities/src/utilities/map-values.js": {"path":"/home/ilyas/script/vuetiful-utilities/src/utilities/map-values.js","statementMap":{"0":{"start":{"line":2,"column":15},"end":{"line":2,"column":2}},"1":{"start":{"line":4,"column":2},"end":{"line":6,"column":3}},"2":{"start":{"line":5,"column":4},"end":{"line":null,"column":-1}},"3":{"start":{"line":8,"column":2},"end":{"line":null,"column":-1}}},"fnMap":{"0":{"name":"mapValues","decl":{"start":{"line":1,"column":24},"end":{"line":1,"column":15}},"loc":{"start":{"line":1,"column":53},"end":{"line":9,"column":1}}}},"branchMap":{},"s":{"0":0,"1":0,"2":0,"3":0},"f":{"0":0},"b":{}}
,"/home/ilyas/script/vuetiful-utilities/src/utilities/max-of.js": {"path":"/home/ilyas/script/vuetiful-utilities/src/utilities/max-of.js","statementMap":{"0":{"start":{"line":1,"column":0},"end":{"line":null,"column":-1}},"1":{"start":{"line":2,"column":0},"end":{"line":null,"column":-1}},"2":{"start":{"line":5,"column":18},"end":{"line":5,"column":2}},"3":{"start":{"line":7,"column":2},"end":{"line":null,"column":-1}},"4":{"start":{"line":11,"column":2},"end":{"line":null,"column":-1}},"5":{"start":{"line":11,"column":26},"end":{"line":null,"column":-1}},"6":{"start":{"line":15,"column":19},"end":{"line":15,"column":2}},"7":{"start":{"line":16,"column":18},"end":{"line":16,"column":2}},"8":{"start":{"line":18,"column":2},"end":{"line":null,"column":-1}},"9":{"start":{"line":19,"column":16},"end":{"line":19,"column":4}},"10":{"start":{"line":21,"column":4},"end":{"line":null,"column":-1}}},"fnMap":{"0":{"name":"max","decl":{"start":{"line":4,"column":9},"end":{"line":4,"column":0}},"loc":{"start":{"line":4,"column":45},"end":{"line":8,"column":1}}},"1":{"name":"minOf","decl":{"start":{"line":10,"column":24},"end":{"line":10,"column":15}},"loc":{"start":{"line":10,"column":48},"end":{"line":23,"column":1}}},"2":{"name":"(anonymous_3)","decl":{"start":{"line":11,"column":26},"end":{"line":null,"column":-1}},"loc":{"start":{"line":11,"column":26},"end":{"line":11,"column":2}}},"3":{"name":"(anonymous_4)","decl":{"start":{"line":18,"column":26},"end":{"line":18,"column":26}},"loc":{"start":{"line":18,"column":56},"end":{"line":18,"column":9}}}},"branchMap":{"0":{"loc":{"start":{"line":7,"column":28},"end":{"line":7,"column":9}},"type":"cond-expr","locations":[{"start":{"line":7,"column":28},"end":{"line":7,"column":9}},{"start":{"line":7,"column":36},"end":{"line":7,"column":2}}]},"1":{"loc":{"start":{"line":11,"column":13},"end":{"line":11,"column":25}},"type":"binary-expr","locations":[{"start":{"line":11,"column":13},"end":{"line":11,"column":25}},{"start":{"line":11,"column":26},"end":{"line":11,"column":2}}]}},"s":{"0":0,"1":0,"2":0,"3":0,"4":0,"5":0,"6":0,"7":0,"8":0,"9":0,"10":0},"f":{"0":0,"1":0,"2":0,"3":0},"b":{"0":[0,0],"1":[0,0]}}
,"/home/ilyas/script/vuetiful-utilities/src/utilities/median-of.js": {"path":"/home/ilyas/script/vuetiful-utilities/src/utilities/median-of.js","statementMap":{"0":{"start":{"line":1,"column":0},"end":{"line":null,"column":-1}},"1":{"start":{"line":4,"column":2},"end":{"line":null,"column":-1}},"2":{"start":{"line":8,"column":15},"end":{"line":8,"column":2}},"3":{"start":{"line":9,"column":14},"end":{"line":9,"column":2}},"4":{"start":{"line":10,"column":13},"end":{"line":10,"column":2}},"5":{"start":{"line":12,"column":22},"end":{"line":12,"column":2}},"6":{"start":{"line":14,"column":2},"end":{"line":16,"column":3}},"7":{"start":{"line":15,"column":4},"end":{"line":null,"column":-1}},"8":{"start":{"line":18,"column":24},"end":{"line":18,"column":2}},"9":{"start":{"line":20,"column":2},"end":{"line":null,"column":-1}}},"fnMap":{"0":{"name":"getValue","decl":{"start":{"line":3,"column":9},"end":{"line":3,"column":0}},"loc":{"start":{"line":3,"column":35},"end":{"line":5,"column":1}}},"1":{"name":"medianOf","decl":{"start":{"line":7,"column":24},"end":{"line":7,"column":15}},"loc":{"start":{"line":7,"column":51},"end":{"line":21,"column":1}}}},"branchMap":{"0":{"loc":{"start":{"line":14,"column":2},"end":{"line":16,"column":3}},"type":"if","locations":[{"start":{"line":14,"column":2},"end":{"line":16,"column":3}},{"start":{"line":14,"column":2},"end":{"line":16,"column":3}}]}},"s":{"0":0,"1":0,"2":0,"3":0,"4":0,"5":0,"6":0,"7":0,"8":0,"9":0},"f":{"0":0,"1":0},"b":{"0":[0,0]}}
,"/home/ilyas/script/vuetiful-utilities/src/utilities/merge.js": {"path":"/home/ilyas/script/vuetiful-utilities/src/utilities/merge.js","statementMap":{"0":{"start":{"line":2,"column":2},"end":{"line":2,"column":37}},"1":{"start":{"line":6,"column":14},"end":{"line":6,"column":65}},"2":{"start":{"line":8,"column":2},"end":{"line":10,"column":11}},"3":{"start":{"line":14,"column":15},"end":{"line":14,"column":17}},"4":{"start":{"line":15,"column":2},"end":{"line":26,"column":4}},"5":{"start":{"line":16,"column":4},"end":{"line":25,"column":5}},"6":{"start":{"line":17,"column":17},"end":{"line":17,"column":56}},"7":{"start":{"line":17,"column":39},"end":{"line":17,"column":55}},"8":{"start":{"line":18,"column":6},"end":{"line":22,"column":7}},"9":{"start":{"line":19,"column":8},"end":{"line":19,"column":61}},"10":{"start":{"line":21,"column":8},"end":{"line":21,"column":73}},"11":{"start":{"line":24,"column":6},"end":{"line":24,"column":71}},"12":{"start":{"line":27,"column":2},"end":{"line":27,"column":15}},"13":{"start":{"line":31,"column":20},"end":{"line":31,"column":22}},"14":{"start":{"line":32,"column":2},"end":{"line":36,"column":3}},"15":{"start":{"line":33,"column":4},"end":{"line":35,"column":6}},"16":{"start":{"line":34,"column":6},"end":{"line":34,"column":84}},"17":{"start":{"line":37,"column":2},"end":{"line":43,"column":4}},"18":{"start":{"line":38,"column":4},"end":{"line":42,"column":5}},"19":{"start":{"line":39,"column":6},"end":{"line":39,"column":84}},"20":{"start":{"line":41,"column":6},"end":{"line":41,"column":73}},"21":{"start":{"line":44,"column":2},"end":{"line":44,"column":20}},"22":{"start":{"line":48,"column":2},"end":{"line":49,"column":21}},"23":{"start":{"line":53,"column":2},"end":{"line":53,"column":45}},"24":{"start":{"line":57,"column":20},"end":{"line":57,"column":57}},"25":{"start":{"line":59,"column":2},"end":{"line":60,"column":35}},"26":{"start":{"line":64,"column":22},"end":{"line":64,"column":43}},"27":{"start":{"line":65,"column":22},"end":{"line":65,"column":43}},"28":{"start":{"line":66,"column":16},"end":{"line":66,"column":68}},"29":{"start":{"line":67,"column":34},"end":{"line":67,"column":65}},"30":{"start":{"line":69,"column":2},"end":{"line":76,"column":3}},"31":{"start":{"line":70,"column":4},"end":{"line":70,"column":65}},"32":{"start":{"line":71,"column":9},"end":{"line":76,"column":3}},"33":{"start":{"line":72,"column":21},"end":{"line":72,"column":60}},"34":{"start":{"line":73,"column":4},"end":{"line":73,"column":54}},"35":{"start":{"line":75,"column":4},"end":{"line":75,"column":55}}},"fnMap":{"0":{"name":"emptyTarget","decl":{"start":{"line":1,"column":9},"end":{"line":1,"column":20}},"loc":{"start":{"line":1,"column":27},"end":{"line":3,"column":1}},"line":1},"1":{"name":"cloneUnlessOtherwiseSpecified","decl":{"start":{"line":5,"column":9},"end":{"line":5,"column":38}},"loc":{"start":{"line":5,"column":64},"end":{"line":11,"column":1}},"line":5},"2":{"name":"defaultArrayMerge","decl":{"start":{"line":13,"column":9},"end":{"line":13,"column":26}},"loc":{"start":{"line":13,"column":61},"end":{"line":28,"column":1}},"line":13},"3":{"name":"(anonymous_3)","decl":{"start":{"line":15,"column":17},"end":{"line":15,"column":18}},"loc":{"start":{"line":15,"column":33},"end":{"line":26,"column":3}},"line":15},"4":{"name":"(anonymous_4)","decl":{"start":{"line":17,"column":34},"end":{"line":17,"column":35}},"loc":{"start":{"line":17,"column":39},"end":{"line":17,"column":55}},"line":17},"5":{"name":"mergeObject","decl":{"start":{"line":30,"column":9},"end":{"line":30,"column":20}},"loc":{"start":{"line":30,"column":55},"end":{"line":45,"column":1}},"line":30},"6":{"name":"(anonymous_6)","decl":{"start":{"line":33,"column":32},"end":{"line":33,"column":33}},"loc":{"start":{"line":33,"column":47},"end":{"line":35,"column":5}},"line":33},"7":{"name":"(anonymous_7)","decl":{"start":{"line":37,"column":30},"end":{"line":37,"column":31}},"loc":{"start":{"line":37,"column":45},"end":{"line":43,"column":3}},"line":37},"8":{"name":"isMergeableObject","decl":{"start":{"line":47,"column":9},"end":{"line":47,"column":26}},"loc":{"start":{"line":47,"column":35},"end":{"line":50,"column":1}},"line":47},"9":{"name":"isNonNullObject","decl":{"start":{"line":52,"column":9},"end":{"line":52,"column":24}},"loc":{"start":{"line":52,"column":33},"end":{"line":54,"column":1}},"line":52},"10":{"name":"isSpecial","decl":{"start":{"line":56,"column":9},"end":{"line":56,"column":18}},"loc":{"start":{"line":56,"column":27},"end":{"line":61,"column":1}},"line":56},"11":{"name":"merge","decl":{"start":{"line":63,"column":24},"end":{"line":63,"column":29}},"loc":{"start":{"line":63,"column":64},"end":{"line":77,"column":1}},"line":63}},"branchMap":{"0":{"loc":{"start":{"line":2,"column":9},"end":{"line":2,"column":37}},"type":"cond-expr","locations":[{"start":{"line":2,"column":30},"end":{"line":2,"column":32}},{"start":{"line":2,"column":35},"end":{"line":2,"column":37}}],"line":2},"1":{"loc":{"start":{"line":6,"column":14},"end":{"line":6,"column":65}},"type":"binary-expr","locations":[{"start":{"line":6,"column":14},"end":{"line":6,"column":30}},{"start":{"line":6,"column":34},"end":{"line":6,"column":65}}],"line":6},"2":{"loc":{"start":{"line":8,"column":9},"end":{"line":10,"column":11}},"type":"cond-expr","locations":[{"start":{"line":9,"column":6},"end":{"line":9,"column":55}},{"start":{"line":10,"column":6},"end":{"line":10,"column":11}}],"line":8},"3":{"loc":{"start":{"line":8,"column":10},"end":{"line":8,"column":43}},"type":"binary-expr","locations":[{"start":{"line":8,"column":10},"end":{"line":8,"column":15}},{"start":{"line":8,"column":19},"end":{"line":8,"column":43}}],"line":8},"4":{"loc":{"start":{"line":16,"column":4},"end":{"line":25,"column":5}},"type":"if","locations":[{"start":{"line":16,"column":4},"end":{"line":25,"column":5}},{"start":{"line":16,"column":4},"end":{"line":25,"column":5}}],"line":16},"5":{"loc":{"start":{"line":18,"column":6},"end":{"line":22,"column":7}},"type":"if","locations":[{"start":{"line":18,"column":6},"end":{"line":22,"column":7}},{"start":{"line":18,"column":6},"end":{"line":22,"column":7}}],"line":18},"6":{"loc":{"start":{"line":32,"column":2},"end":{"line":36,"column":3}},"type":"if","locations":[{"start":{"line":32,"column":2},"end":{"line":36,"column":3}},{"start":{"line":32,"column":2},"end":{"line":36,"column":3}}],"line":32},"7":{"loc":{"start":{"line":38,"column":4},"end":{"line":42,"column":5}},"type":"if","locations":[{"start":{"line":38,"column":4},"end":{"line":42,"column":5}},{"start":{"line":38,"column":4},"end":{"line":42,"column":5}}],"line":38},"8":{"loc":{"start":{"line":38,"column":8},"end":{"line":38,"column":55}},"type":"binary-expr","locations":[{"start":{"line":38,"column":8},"end":{"line":38,"column":39}},{"start":{"line":38,"column":43},"end":{"line":38,"column":55}}],"line":38},"9":{"loc":{"start":{"line":48,"column":9},"end":{"line":49,"column":21}},"type":"binary-expr","locations":[{"start":{"line":48,"column":9},"end":{"line":48,"column":31}},{"start":{"line":49,"column":4},"end":{"line":49,"column":21}}],"line":48},"10":{"loc":{"start":{"line":53,"column":9},"end":{"line":53,"column":45}},"type":"binary-expr","locations":[{"start":{"line":53,"column":9},"end":{"line":53,"column":16}},{"start":{"line":53,"column":20},"end":{"line":53,"column":45}}],"line":53},"11":{"loc":{"start":{"line":59,"column":9},"end":{"line":60,"column":35}},"type":"binary-expr","locations":[{"start":{"line":59,"column":9},"end":{"line":59,"column":42}},{"start":{"line":60,"column":4},"end":{"line":60,"column":35}}],"line":59},"12":{"loc":{"start":{"line":66,"column":16},"end":{"line":66,"column":68}},"type":"binary-expr","locations":[{"start":{"line":66,"column":16},"end":{"line":66,"column":31}},{"start":{"line":66,"column":35},"end":{"line":66,"column":68}}],"line":66},"13":{"loc":{"start":{"line":69,"column":2},"end":{"line":76,"column":3}},"type":"if","locations":[{"start":{"line":69,"column":2},"end":{"line":76,"column":3}},{"start":{"line":69,"column":2},"end":{"line":76,"column":3}}],"line":69},"14":{"loc":{"start":{"line":71,"column":9},"end":{"line":76,"column":3}},"type":"if","locations":[{"start":{"line":71,"column":9},"end":{"line":76,"column":3}},{"start":{"line":71,"column":9},"end":{"line":76,"column":3}}],"line":71},"15":{"loc":{"start":{"line":72,"column":21},"end":{"line":72,"column":60}},"type":"binary-expr","locations":[{"start":{"line":72,"column":21},"end":{"line":72,"column":39}},{"start":{"line":72,"column":43},"end":{"line":72,"column":60}}],"line":72}},"s":{"0":0,"1":4,"2":4,"3":0,"4":0,"5":0,"6":0,"7":0,"8":0,"9":0,"10":0,"11":0,"12":0,"13":1,"14":1,"15":1,"16":2,"17":1,"18":2,"19":2,"20":0,"21":1,"22":7,"23":7,"24":1,"25":1,"26":1,"27":1,"28":1,"29":1,"30":1,"31":0,"32":1,"33":0,"34":0,"35":1},"f":{"0":0,"1":4,"2":0,"3":0,"4":0,"5":1,"6":2,"7":2,"8":7,"9":7,"10":1,"11":1},"b":{"0":[0,0],"1":[4,0],"2":[0,4],"3":[4,4],"4":[0,0],"5":[0,0],"6":[1,0],"7":[2,0],"8":[2,0],"9":[7,1],"10":[7,7],"11":[1,1],"12":[1,1],"13":[0,1],"14":[0,1],"15":[0,0]},"_coverageSchema":"332fd63041d2c1bcb487cc26dd0d5f7d97098a6c","hash":"85c4c3bc6e06714efe63623433691b76551234af"}
,"/home/ilyas/script/vuetiful-utilities/src/utilities/min-of.js": {"path":"/home/ilyas/script/vuetiful-utilities/src/utilities/min-of.js","statementMap":{"0":{"start":{"line":1,"column":0},"end":{"line":null,"column":-1}},"1":{"start":{"line":2,"column":0},"end":{"line":null,"column":-1}},"2":{"start":{"line":5,"column":18},"end":{"line":5,"column":2}},"3":{"start":{"line":7,"column":2},"end":{"line":null,"column":-1}},"4":{"start":{"line":11,"column":2},"end":{"line":null,"column":-1}},"5":{"start":{"line":11,"column":26},"end":{"line":null,"column":-1}},"6":{"start":{"line":15,"column":19},"end":{"line":15,"column":2}},"7":{"start":{"line":16,"column":18},"end":{"line":16,"column":2}},"8":{"start":{"line":18,"column":2},"end":{"line":null,"column":-1}},"9":{"start":{"line":19,"column":16},"end":{"line":19,"column":4}},"10":{"start":{"line":21,"column":4},"end":{"line":null,"column":-1}}},"fnMap":{"0":{"name":"min","decl":{"start":{"line":4,"column":9},"end":{"line":4,"column":0}},"loc":{"start":{"line":4,"column":45},"end":{"line":8,"column":1}}},"1":{"name":"minOf","decl":{"start":{"line":10,"column":24},"end":{"line":10,"column":15}},"loc":{"start":{"line":10,"column":48},"end":{"line":23,"column":1}}},"2":{"name":"(anonymous_3)","decl":{"start":{"line":11,"column":26},"end":{"line":null,"column":-1}},"loc":{"start":{"line":11,"column":26},"end":{"line":11,"column":2}}},"3":{"name":"(anonymous_4)","decl":{"start":{"line":18,"column":26},"end":{"line":18,"column":26}},"loc":{"start":{"line":18,"column":56},"end":{"line":18,"column":9}}}},"branchMap":{"0":{"loc":{"start":{"line":7,"column":28},"end":{"line":7,"column":9}},"type":"cond-expr","locations":[{"start":{"line":7,"column":28},"end":{"line":7,"column":9}},{"start":{"line":7,"column":36},"end":{"line":7,"column":2}}]},"1":{"loc":{"start":{"line":11,"column":13},"end":{"line":11,"column":25}},"type":"binary-expr","locations":[{"start":{"line":11,"column":13},"end":{"line":11,"column":25}},{"start":{"line":11,"column":26},"end":{"line":11,"column":2}}]}},"s":{"0":0,"1":0,"2":0,"3":0,"4":0,"5":0,"6":0,"7":0,"8":0,"9":0,"10":0},"f":{"0":0,"1":0,"2":0,"3":0},"b":{"0":[0,0],"1":[0,0]}}
,"/home/ilyas/script/vuetiful-utilities/src/utilities/module-name.js": {"path":"/home/ilyas/script/vuetiful-utilities/src/utilities/module-name.js","statementMap":{"0":{"start":{"line":3,"column":2},"end":{"line":null,"column":-1}}},"fnMap":{"0":{"name":"moduleName","decl":{"start":{"line":1,"column":24},"end":{"line":1,"column":15}},"loc":{"start":{"line":1,"column":46},"end":{"line":4,"column":1}}}},"branchMap":{},"s":{"0":0},"f":{"0":0},"b":{}}
,"/home/ilyas/script/vuetiful-utilities/src/utilities/nest.js": {"path":"/home/ilyas/script/vuetiful-utilities/src/utilities/nest.js","statementMap":{"0":{"start":{"line":1,"column":0},"end":{"line":null,"column":-1}},"1":{"start":{"line":2,"column":0},"end":{"line":null,"column":-1}},"2":{"start":{"line":5,"column":2},"end":{"line":7,"column":3}},"3":{"start":{"line":6,"column":4},"end":{"line":null,"column":-1}},"4":{"start":{"line":9,"column":12},"end":{"line":9,"column":2}},"5":{"start":{"line":11,"column":14},"end":{"line":11,"column":2}},"6":{"start":{"line":13,"column":2},"end":{"line":null,"column":-1}},"7":{"start":{"line":14,"column":4},"end":{"line":null,"column":-1}}},"fnMap":{"0":{"name":"nest","decl":{"start":{"line":4,"column":24},"end":{"line":4,"column":15}},"loc":{"start":{"line":4,"column":43},"end":{"line":16,"column":1}}},"1":{"name":"(anonymous_2)","decl":{"start":{"line":13,"column":26},"end":{"line":13,"column":26}},"loc":{"start":{"line":13,"column":43},"end":{"line":13,"column":9}}}},"branchMap":{"0":{"loc":{"start":{"line":5,"column":2},"end":{"line":7,"column":3}},"type":"if","locations":[{"start":{"line":5,"column":2},"end":{"line":7,"column":3}},{"start":{"line":5,"column":2},"end":{"line":7,"column":3}}]}},"s":{"0":0,"1":0,"2":0,"3":0,"4":0,"5":0,"6":0,"7":0},"f":{"0":0,"1":0},"b":{"0":[0,0]}}
,"/home/ilyas/script/vuetiful-utilities/src/utilities/page-by.js": {"path":"/home/ilyas/script/vuetiful-utilities/src/utilities/page-by.js","statementMap":{"0":{"start":{"line":4,"column":15},"end":{"line":4,"column":39}},"1":{"start":{"line":5,"column":14},"end":{"line":5,"column":16}},"2":{"start":{"line":7,"column":2},"end":{"line":9,"column":3}},"3":{"start":{"line":8,"column":4},"end":{"line":8,"column":29}},"4":{"start":{"line":11,"column":2},"end":{"line":11,"column":14}}},"fnMap":{"0":{"name":"pageBy","decl":{"start":{"line":3,"column":24},"end":{"line":3,"column":30}},"loc":{"start":{"line":3,"column":49},"end":{"line":12,"column":1}},"line":3}},"branchMap":{},"s":{"0":0,"1":0,"2":0,"3":0,"4":0},"f":{"0":0},"b":{},"_coverageSchema":"332fd63041d2c1bcb487cc26dd0d5f7d97098a6c","hash":"9458b724281d02370380ee54894db7bf9ceb26a4"}
,"/home/ilyas/script/vuetiful-utilities/src/utilities/page.js": {"path":"/home/ilyas/script/vuetiful-utilities/src/utilities/page.js","statementMap":{"0":{"start":{"line":2,"column":14},"end":{"line":2,"column":16}},"1":{"start":{"line":3,"column":14},"end":{"line":3,"column":15}},"2":{"start":{"line":4,"column":15},"end":{"line":4,"column":27}},"3":{"start":{"line":6,"column":2},"end":{"line":17,"column":3}},"4":{"start":{"line":7,"column":14},"end":{"line":7,"column":30}},"5":{"start":{"line":9,"column":4},"end":{"line":11,"column":5}},"6":{"start":{"line":10,"column":6},"end":{"line":10,"column":36}},"7":{"start":{"line":13,"column":15},"end":{"line":13,"column":38}},"8":{"start":{"line":15,"column":4},"end":{"line":15,"column":20}},"9":{"start":{"line":16,"column":4},"end":{"line":16,"column":21}},"10":{"start":{"line":19,"column":2},"end":{"line":19,"column":14}}},"fnMap":{"0":{"name":"page","decl":{"start":{"line":1,"column":24},"end":{"line":1,"column":28}},"loc":{"start":{"line":1,"column":47},"end":{"line":20,"column":1}},"line":1}},"branchMap":{"0":{"loc":{"start":{"line":9,"column":4},"end":{"line":11,"column":5}},"type":"if","locations":[{"start":{"line":9,"column":4},"end":{"line":11,"column":5}},{"start":{"line":9,"column":4},"end":{"line":11,"column":5}}],"line":9}},"s":{"0":2,"1":2,"2":2,"3":2,"4":22,"5":22,"6":2,"7":22,"8":22,"9":22,"10":2},"f":{"0":2},"b":{"0":[2,20]},"_coverageSchema":"332fd63041d2c1bcb487cc26dd0d5f7d97098a6c","hash":"ebd78a9bd0213bbf5bdeb149b3d3c0c2109783d2"}
,"/home/ilyas/script/vuetiful-utilities/src/utilities/remove.js": {"path":"/home/ilyas/script/vuetiful-utilities/src/utilities/remove.js","statementMap":{"0":{"start":{"line":2,"column":13},"end":{"line":2,"column":51}},"1":{"start":{"line":2,"column":34},"end":{"line":2,"column":50}},"2":{"start":{"line":3,"column":2},"end":{"line":3,"column":28}}},"fnMap":{"0":{"name":"remove","decl":{"start":{"line":1,"column":24},"end":{"line":1,"column":30}},"loc":{"start":{"line":1,"column":45},"end":{"line":4,"column":1}},"line":1},"1":{"name":"(anonymous_1)","decl":{"start":{"line":2,"column":29},"end":{"line":2,"column":30}},"loc":{"start":{"line":2,"column":34},"end":{"line":2,"column":50}},"line":2}},"branchMap":{},"s":{"0":1,"1":2,"2":1},"f":{"0":1,"1":2},"b":{},"_coverageSchema":"332fd63041d2c1bcb487cc26dd0d5f7d97098a6c","hash":"805b14b445938124447eb9b65d7dd06cf5a57701"}
,"/home/ilyas/script/vuetiful-utilities/src/utilities/replace.js": {"path":"/home/ilyas/script/vuetiful-utilities/src/utilities/replace.js","statementMap":{"0":{"start":{"line":3,"column":16},"end":{"line":7,"column":1}},"1":{"start":{"line":4,"column":13},"end":{"line":4,"column":51}},"2":{"start":{"line":4,"column":34},"end":{"line":4,"column":50}},"3":{"start":{"line":5,"column":15},"end":{"line":5,"column":24}},"4":{"start":{"line":6,"column":2},"end":{"line":6,"column":47}}},"fnMap":{"0":{"name":"replace","decl":{"start":{"line":3,"column":25},"end":{"line":3,"column":32}},"loc":{"start":{"line":3,"column":47},"end":{"line":7,"column":1}},"line":3},"1":{"name":"(anonymous_1)","decl":{"start":{"line":4,"column":29},"end":{"line":4,"column":30}},"loc":{"start":{"line":4,"column":34},"end":{"line":4,"column":50}},"line":4}},"branchMap":{},"s":{"0":1,"1":1,"2":2,"3":1,"4":1},"f":{"0":1,"1":2},"b":{},"_coverageSchema":"332fd63041d2c1bcb487cc26dd0d5f7d97098a6c","hash":"3047c2603869ec0e9e21e8a4f6f607e9fb29e7a9"}
,"/home/ilyas/script/vuetiful-utilities/src/utilities/search.js": {"path":"/home/ilyas/script/vuetiful-utilities/src/utilities/search.js","statementMap":{"0":{"start":{"line":5,"column":2},"end":{"line":17,"column":3}},"1":{"start":{"line":6,"column":4},"end":{"line":6,"column":50}},"2":{"start":{"line":6,"column":32},"end":{"line":6,"column":49}},"3":{"start":{"line":7,"column":9},"end":{"line":17,"column":3}},"4":{"start":{"line":8,"column":4},"end":{"line":16,"column":6}},"5":{"start":{"line":9,"column":6},"end":{"line":11,"column":7}},"6":{"start":{"line":10,"column":8},"end":{"line":10,"column":44}},"7":{"start":{"line":13,"column":6},"end":{"line":15,"column":47}},"8":{"start":{"line":18,"column":2},"end":{"line":18,"column":11}}},"fnMap":{"0":{"name":"search","decl":{"start":{"line":4,"column":24},"end":{"line":4,"column":30}},"loc":{"start":{"line":4,"column":50},"end":{"line":19,"column":1}},"line":4},"1":{"name":"(anonymous_1)","decl":{"start":{"line":6,"column":27},"end":{"line":6,"column":28}},"loc":{"start":{"line":6,"column":32},"end":{"line":6,"column":49}},"line":6},"2":{"name":"(anonymous_2)","decl":{"start":{"line":8,"column":38},"end":{"line":8,"column":39}},"loc":{"start":{"line":8,"column":45},"end":{"line":16,"column":5}},"line":8}},"branchMap":{"0":{"loc":{"start":{"line":5,"column":2},"end":{"line":17,"column":3}},"type":"if","locations":[{"start":{"line":5,"column":2},"end":{"line":17,"column":3}},{"start":{"line":5,"column":2},"end":{"line":17,"column":3}}],"line":5},"1":{"loc":{"start":{"line":7,"column":9},"end":{"line":17,"column":3}},"type":"if","locations":[{"start":{"line":7,"column":9},"end":{"line":17,"column":3}},{"start":{"line":7,"column":9},"end":{"line":17,"column":3}}],"line":7},"2":{"loc":{"start":{"line":9,"column":6},"end":{"line":11,"column":7}},"type":"if","locations":[{"start":{"line":9,"column":6},"end":{"line":11,"column":7}},{"start":{"line":9,"column":6},"end":{"line":11,"column":7}}],"line":9}},"s":{"0":8,"1":2,"2":6,"3":6,"4":6,"5":11,"6":0,"7":11,"8":0},"f":{"0":8,"1":6,"2":11},"b":{"0":[2,6],"1":[6,0],"2":[0,11]},"_coverageSchema":"332fd63041d2c1bcb487cc26dd0d5f7d97098a6c","hash":"3cd107b1b9847aef699975fd5f2634912dbdedea"}
,"/home/ilyas/script/vuetiful-utilities/src/utilities/sort-by.js": {"path":"/home/ilyas/script/vuetiful-utilities/src/utilities/sort-by.js","statementMap":{"0":{"start":{"line":11,"column":2},"end":{"line":11,"column":28}},"1":{"start":{"line":12,"column":2},"end":{"line":12,"column":39}},"2":{"start":{"line":12,"column":34},"end":{"line":12,"column":38}},"3":{"start":{"line":14,"column":2},"end":{"line":16,"column":3}},"4":{"start":{"line":15,"column":4},"end":{"line":15,"column":85}},"5":{"start":{"line":18,"column":18},"end":{"line":18,"column":28}},"6":{"start":{"line":20,"column":2},"end":{"line":27,"column":4}},"7":{"start":{"line":21,"column":17},"end":{"line":21,"column":40}},"8":{"start":{"line":22,"column":17},"end":{"line":22,"column":40}},"9":{"start":{"line":24,"column":18},"end":{"line":24,"column":64}},"10":{"start":{"line":26,"column":4},"end":{"line":26,"column":30}},"11":{"start":{"line":29,"column":2},"end":{"line":29,"column":18}}},"fnMap":{"0":{"name":"sortBy","decl":{"start":{"line":10,"column":24},"end":{"line":10,"column":30}},"loc":{"start":{"line":10,"column":60},"end":{"line":30,"column":1}},"line":10},"1":{"name":"(anonymous_1)","decl":{"start":{"line":12,"column":26},"end":{"line":12,"column":27}},"loc":{"start":{"line":12,"column":34},"end":{"line":12,"column":38}},"line":12},"2":{"name":"(anonymous_2)","decl":{"start":{"line":20,"column":17},"end":{"line":20,"column":18}},"loc":{"start":{"line":20,"column":27},"end":{"line":27,"column":3}},"line":20}},"branchMap":{"0":{"loc":{"start":{"line":11,"column":14},"end":{"line":11,"column":28}},"type":"binary-expr","locations":[{"start":{"line":11,"column":14},"end":{"line":11,"column":23}},{"start":{"line":11,"column":27},"end":{"line":11,"column":28}}],"line":11},"1":{"loc":{"start":{"line":12,"column":13},"end":{"line":12,"column":39}},"type":"binary-expr","locations":[{"start":{"line":12,"column":13},"end":{"line":12,"column":21}},{"start":{"line":12,"column":26},"end":{"line":12,"column":38}}],"line":12},"2":{"loc":{"start":{"line":14,"column":2},"end":{"line":16,"column":3}},"type":"if","locations":[{"start":{"line":14,"column":2},"end":{"line":16,"column":3}},{"start":{"line":14,"column":2},"end":{"line":16,"column":3}}],"line":14},"3":{"loc":{"start":{"line":24,"column":18},"end":{"line":24,"column":64}},"type":"cond-expr","locations":[{"start":{"line":24,"column":36},"end":{"line":24,"column":38}},{"start":{"line":24,"column":41},"end":{"line":24,"column":64}}],"line":24},"4":{"loc":{"start":{"line":24,"column":41},"end":{"line":24,"column":64}},"type":"cond-expr","locations":[{"start":{"line":24,"column":59},"end":{"line":24,"column":60}},{"start":{"line":24,"column":63},"end":{"line":24,"column":64}}],"line":24}},"s":{"0":14,"1":14,"2":144,"3":14,"4":0,"5":14,"6":14,"7":78,"8":78,"9":78,"10":78,"11":14},"f":{"0":14,"1":144,"2":78},"b":{"0":[14,12],"1":[14,12],"2":[0,14],"3":[12,66],"4":[46,20]},"_coverageSchema":"332fd63041d2c1bcb487cc26dd0d5f7d97098a6c","hash":"c44a66e91b2e9534be1429464c74258a35a1c5ce"}
,"/home/ilyas/script/vuetiful-utilities/src/utilities/standard-deviation-of.js": {"path":"/home/ilyas/script/vuetiful-utilities/src/utilities/standard-deviation-of.js","statementMap":{"0":{"start":{"line":4,"column":17},"end":{"line":4,"column":44}},"1":{"start":{"line":6,"column":2},"end":{"line":6,"column":47}}},"fnMap":{"0":{"name":"standardDeviationOf","decl":{"start":{"line":3,"column":24},"end":{"line":3,"column":43}},"loc":{"start":{"line":3,"column":62},"end":{"line":7,"column":1}},"line":3}},"branchMap":{"0":{"loc":{"start":{"line":6,"column":9},"end":{"line":6,"column":47}},"type":"cond-expr","locations":[{"start":{"line":6,"column":20},"end":{"line":6,"column":39}},{"start":{"line":6,"column":42},"end":{"line":6,"column":47}}],"line":6}},"s":{"0":0,"1":0},"f":{"0":0},"b":{"0":[0,0]},"_coverageSchema":"332fd63041d2c1bcb487cc26dd0d5f7d97098a6c","hash":"27c60c41b3ea902118255972df216bbf254fcea7"}
,"/home/ilyas/script/vuetiful-utilities/src/utilities/total-of.js": {"path":"/home/ilyas/script/vuetiful-utilities/src/utilities/total-of.js","statementMap":{"0":{"start":{"line":4,"column":12},"end":{"line":4,"column":29}},"1":{"start":{"line":6,"column":2},"end":{"line":6,"column":47}},"2":{"start":{"line":10,"column":2},"end":{"line":10,"column":39}},"3":{"start":{"line":10,"column":34},"end":{"line":10,"column":38}},"4":{"start":{"line":12,"column":2},"end":{"line":16,"column":4}},"5":{"start":{"line":13,"column":16},"end":{"line":13,"column":42}},"6":{"start":{"line":15,"column":4},"end":{"line":15,"column":48}}},"fnMap":{"0":{"name":"total","decl":{"start":{"line":3,"column":9},"end":{"line":3,"column":14}},"loc":{"start":{"line":3,"column":36},"end":{"line":7,"column":1}},"line":3},"1":{"name":"totalOf","decl":{"start":{"line":9,"column":24},"end":{"line":9,"column":31}},"loc":{"start":{"line":9,"column":50},"end":{"line":17,"column":1}},"line":9},"2":{"name":"(anonymous_2)","decl":{"start":{"line":10,"column":26},"end":{"line":10,"column":27}},"loc":{"start":{"line":10,"column":34},"end":{"line":10,"column":38}},"line":10},"3":{"name":"(anonymous_3)","decl":{"start":{"line":12,"column":26},"end":{"line":12,"column":27}},"loc":{"start":{"line":12,"column":56},"end":{"line":16,"column":3}},"line":12}},"branchMap":{"0":{"loc":{"start":{"line":6,"column":9},"end":{"line":6,"column":47}},"type":"cond-expr","locations":[{"start":{"line":6,"column":22},"end":{"line":6,"column":27}},{"start":{"line":6,"column":30},"end":{"line":6,"column":47}}],"line":6},"1":{"loc":{"start":{"line":10,"column":13},"end":{"line":10,"column":39}},"type":"binary-expr","locations":[{"start":{"line":10,"column":13},"end":{"line":10,"column":21}},{"start":{"line":10,"column":26},"end":{"line":10,"column":38}}],"line":10}},"s":{"0":9,"1":9,"2":5,"3":6,"4":5,"5":9,"6":9},"f":{"0":9,"1":5,"2":6,"3":9},"b":{"0":[0,9],"1":[5,4]},"_coverageSchema":"332fd63041d2c1bcb487cc26dd0d5f7d97098a6c","hash":"f5255bdfa1581fa154864e134efb5eec4c35b226"}
,"/home/ilyas/script/vuetiful-utilities/src/utilities/variance-of.js": {"path":"/home/ilyas/script/vuetiful-utilities/src/utilities/variance-of.js","statementMap":{"0":{"start":{"line":5,"column":14},"end":{"line":5,"column":26}},"1":{"start":{"line":6,"column":16},"end":{"line":6,"column":42}},"2":{"start":{"line":8,"column":22},"end":{"line":12,"column":4}},"3":{"start":{"line":9,"column":16},"end":{"line":9,"column":42}},"4":{"start":{"line":11,"column":4},"end":{"line":11,"column":53}},"5":{"start":{"line":14,"column":2},"end":{"line":14,"column":54}}},"fnMap":{"0":{"name":"varianceOf","decl":{"start":{"line":4,"column":24},"end":{"line":4,"column":34}},"loc":{"start":{"line":4,"column":53},"end":{"line":15,"column":1}},"line":4},"1":{"name":"(anonymous_1)","decl":{"start":{"line":8,"column":39},"end":{"line":8,"column":40}},"loc":{"start":{"line":8,"column":69},"end":{"line":12,"column":3}},"line":8}},"branchMap":{"0":{"loc":{"start":{"line":14,"column":9},"end":{"line":14,"column":54}},"type":"cond-expr","locations":[{"start":{"line":14,"column":25},"end":{"line":14,"column":46}},{"start":{"line":14,"column":49},"end":{"line":14,"column":54}}],"line":14}},"s":{"0":0,"1":0,"2":0,"3":0,"4":0,"5":0},"f":{"0":0,"1":0},"b":{"0":[0,0]},"_coverageSchema":"332fd63041d2c1bcb487cc26dd0d5f7d97098a6c","hash":"fac13475cec3131b6515f34ea646dfe1697d09ce"}
,"/home/ilyas/script/vuetiful-utilities/src/utilities/base/aggregator.js": {"path":"/home/ilyas/script/vuetiful-utilities/src/utilities/base/aggregator.js","statementMap":{"0":{"start":{"line":2,"column":20},"end":{"line":2,"column":35}},"1":{"start":{"line":4,"column":2},"end":{"line":12,"column":3}},"2":{"start":{"line":5,"column":17},"end":{"line":5,"column":62}},"3":{"start":{"line":7,"column":4},"end":{"line":9,"column":5}},"4":{"start":{"line":8,"column":6},"end":{"line":8,"column":18}},"5":{"start":{"line":11,"column":4},"end":{"line":11,"column":24}},"6":{"start":{"line":14,"column":2},"end":{"line":14,"column":20}}},"fnMap":{"0":{"name":"aggregate","decl":{"start":{"line":1,"column":24},"end":{"line":1,"column":33}},"loc":{"start":{"line":1,"column":64},"end":{"line":15,"column":1}},"line":1}},"branchMap":{"0":{"loc":{"start":{"line":2,"column":20},"end":{"line":2,"column":35}},"type":"binary-expr","locations":[{"start":{"line":2,"column":20},"end":{"line":2,"column":30}},{"start":{"line":2,"column":34},"end":{"line":2,"column":35}}],"line":2},"1":{"loc":{"start":{"line":7,"column":4},"end":{"line":9,"column":5}},"type":"if","locations":[{"start":{"line":7,"column":4},"end":{"line":9,"column":5}},{"start":{"line":7,"column":4},"end":{"line":9,"column":5}}],"line":7}},"s":{"0":5,"1":5,"2":9,"3":9,"4":0,"5":9,"6":5},"f":{"0":5},"b":{"0":[5,5],"1":[0,9]},"_coverageSchema":"332fd63041d2c1bcb487cc26dd0d5f7d97098a6c","hash":"72bd9af3f902bc67a1fc43bd9d9e161d46193c77"}
,"/home/ilyas/script/vuetiful-utilities/src/utilities/base/type-converter.js": {"path":"/home/ilyas/script/vuetiful-utilities/src/utilities/base/type-converter.js","statementMap":{"0":{"start":{"line":1,"column":0},"end":{"line":null,"column":-1}},"1":{"start":{"line":3,"column":18},"end":{"line":3,"column":0}},"2":{"start":{"line":5,"column":19},"end":{"line":5,"column":0}},"3":{"start":{"line":8,"column":6},"end":{"line":null,"column":-1}},"4":{"start":{"line":14,"column":6},"end":{"line":16,"column":7}},"5":{"start":{"line":15,"column":8},"end":{"line":null,"column":-1}},"6":{"start":{"line":18,"column":17},"end":{"line":18,"column":6}},"7":{"start":{"line":19,"column":6},"end":{"line":null,"column":-1}},"8":{"start":{"line":21,"column":14},"end":{"line":null,"column":-1}},"9":{"start":{"line":25,"column":41},"end":{"line":null,"column":-1}},"10":{"start":{"line":26,"column":2},"end":{"line":32,"column":3}},"11":{"start":{"line":26,"column":36},"end":{"line":null,"column":-1}},"12":{"start":{"line":27,"column":17},"end":{"line":27,"column":4}},"13":{"start":{"line":29,"column":4},"end":{"line":31,"column":5}},"14":{"start":{"line":30,"column":6},"end":{"line":null,"column":-1}},"15":{"start":{"line":34,"column":2},"end":{"line":null,"column":-1}},"16":{"start":{"line":34,"column":9},"end":{"line":null,"column":-1}}},"fnMap":{"0":{"name":"test","decl":{"start":{"line":7,"column":10},"end":{"line":7,"column":18}},"loc":{"start":{"line":7,"column":19},"end":{"line":6,"column":2}}},"1":{"name":"test","decl":{"start":{"line":13,"column":10},"end":{"line":13,"column":18}},"loc":{"start":{"line":13,"column":19},"end":{"line":12,"column":2}}},"2":{"name":"toNumber","decl":{"start":{"line":21,"column":14},"end":{"line":null,"column":-1}},"loc":{"start":{"line":21,"column":14},"end":{"line":null,"column":-1}}},"3":{"name":"toNumber","decl":{"start":{"line":25,"column":24},"end":{"line":25,"column":15}},"loc":{"start":{"line":25,"column":41},"end":{"line":35,"column":1}}},"4":{"name":"(anonymous_6)","decl":{"start":{"line":34,"column":9},"end":{"line":null,"column":-1}},"loc":{"start":{"line":34,"column":9},"end":{"line":34,"column":2}}}},"branchMap":{"0":{"loc":{"start":{"line":8,"column":45},"end":{"line":8,"column":13}},"type":"cond-expr","locations":[{"start":{"line":8,"column":45},"end":{"line":8,"column":13}},{"start":{"line":8,"column":52},"end":{"line":8,"column":6}}]},"1":{"loc":{"start":{"line":14,"column":6},"end":{"line":16,"column":7}},"type":"if","locations":[{"start":{"line":14,"column":6},"end":{"line":16,"column":7}},{"start":{"line":14,"column":6},"end":{"line":16,"column":7}}]},"2":{"loc":{"start":{"line":29,"column":4},"end":{"line":31,"column":5}},"type":"if","locations":[{"start":{"line":29,"column":4},"end":{"line":31,"column":5}},{"start":{"line":29,"column":4},"end":{"line":31,"column":5}}]},"3":{"loc":{"start":{"line":25,"column":41},"end":{"line":null,"column":-1}},"type":"if","locations":[{"start":{"line":25,"column":41},"end":{"line":null,"column":-1}},{"start":{"line":25,"column":41},"end":{"line":null,"column":-1}}]}},"s":{"0":0,"1":0,"2":0,"3":0,"4":0,"5":0,"6":0,"7":0,"8":0,"9":0,"10":0,"11":0,"12":0,"13":0,"14":0,"15":0,"16":0},"f":{"0":0,"1":0,"2":0,"3":0,"4":0},"b":{"0":[0,0],"1":[0,0],"2":[0,0],"3":[0,0]}}
,"/home/ilyas/script/vuetiful-utilities/src/utilities/base/type-validator.js": {"path":"/home/ilyas/script/vuetiful-utilities/src/utilities/base/type-validator.js","statementMap":{"0":{"start":{"line":2,"column":14},"end":{"line":2,"column":0}},"1":{"start":{"line":14,"column":2},"end":{"line":null,"column":-1}},"2":{"start":{"line":18,"column":12},"end":{"line":18,"column":2}},"3":{"start":{"line":19,"column":14},"end":{"line":19,"column":2}},"4":{"start":{"line":17,"column":45},"end":{"line":null,"column":-1}},"5":{"start":{"line":17,"column":33},"end":{"line":17,"column":45}},"6":{"start":{"line":21,"column":2},"end":{"line":24,"column":3}},"7":{"start":{"line":22,"column":4},"end":{"line":null,"column":-1}},"8":{"start":{"line":23,"column":4},"end":{"line":null,"column":-1}},"9":{"start":{"line":26,"column":2},"end":{"line":null,"column":-1}},"10":{"start":{"line":30,"column":2},"end":{"line":null,"column":-1}},"11":{"start":{"line":34,"column":2},"end":{"line":null,"column":-1}},"12":{"start":{"line":38,"column":2},"end":{"line":null,"column":-1}},"13":{"start":{"line":42,"column":2},"end":{"line":null,"column":-1}},"14":{"start":{"line":46,"column":2},"end":{"line":null,"column":-1}},"15":{"start":{"line":50,"column":2},"end":{"line":null,"column":-1}},"16":{"start":{"line":54,"column":2},"end":{"line":null,"column":-1}},"17":{"start":{"line":58,"column":2},"end":{"line":null,"column":-1}},"18":{"start":{"line":62,"column":2},"end":{"line":null,"column":-1}},"19":{"start":{"line":66,"column":2},"end":{"line":null,"column":-1}}},"fnMap":{"0":{"name":"isType","decl":{"start":{"line":13,"column":9},"end":{"line":13,"column":0}},"loc":{"start":{"line":13,"column":30},"end":{"line":15,"column":1}}},"1":{"name":"isAny","decl":{"start":{"line":17,"column":16},"end":{"line":17,"column":7}},"loc":{"start":{"line":17,"column":45},"end":{"line":27,"column":1}}},"2":{"name":"isArray","decl":{"start":{"line":29,"column":16},"end":{"line":29,"column":7}},"loc":{"start":{"line":29,"column":32},"end":{"line":31,"column":1}}},"3":{"name":"isBoolean","decl":{"start":{"line":33,"column":16},"end":{"line":33,"column":7}},"loc":{"start":{"line":33,"column":34},"end":{"line":35,"column":1}}},"4":{"name":"isDate","decl":{"start":{"line":37,"column":16},"end":{"line":37,"column":7}},"loc":{"start":{"line":37,"column":31},"end":{"line":39,"column":1}}},"5":{"name":"isNull","decl":{"start":{"line":41,"column":16},"end":{"line":41,"column":7}},"loc":{"start":{"line":41,"column":31},"end":{"line":43,"column":1}}},"6":{"name":"isNumber","decl":{"start":{"line":45,"column":16},"end":{"line":45,"column":7}},"loc":{"start":{"line":45,"column":33},"end":{"line":47,"column":1}}},"7":{"name":"isObject","decl":{"start":{"line":49,"column":16},"end":{"line":49,"column":7}},"loc":{"start":{"line":49,"column":33},"end":{"line":51,"column":1}}},"8":{"name":"isString","decl":{"start":{"line":53,"column":16},"end":{"line":53,"column":7}},"loc":{"start":{"line":53,"column":33},"end":{"line":55,"column":1}}},"9":{"name":"isUndefined","decl":{"start":{"line":57,"column":16},"end":{"line":57,"column":7}},"loc":{"start":{"line":57,"column":36},"end":{"line":59,"column":1}}},"10":{"name":"isPrimitive","decl":{"start":{"line":61,"column":16},"end":{"line":61,"column":7}},"loc":{"start":{"line":61,"column":36},"end":{"line":63,"column":1}}},"11":{"name":"isCollection","decl":{"start":{"line":65,"column":16},"end":{"line":65,"column":7}},"loc":{"start":{"line":65,"column":37},"end":{"line":67,"column":1}}}},"branchMap":{"0":{"loc":{"start":{"line":21,"column":9},"end":{"line":21,"column":8}},"type":"binary-expr","locations":[{"start":{"line":21,"column":9},"end":{"line":21,"column":8}},{"start":{"line":21,"column":17},"end":{"line":21,"column":2}}]},"1":{"loc":{"start":{"line":38,"column":9},"end":{"line":38,"column":37}},"type":"binary-expr","locations":[{"start":{"line":38,"column":9},"end":{"line":38,"column":37}},{"start":{"line":38,"column":38},"end":{"line":38,"column":2}}]}},"s":{"0":0,"1":0,"2":0,"3":0,"4":0,"5":0,"6":0,"7":0,"8":0,"9":0,"10":0,"11":0,"12":0,"13":0,"14":0,"15":0,"16":0,"17":0,"18":0,"19":0},"f":{"0":0,"1":0,"2":0,"3":0,"4":0,"5":0,"6":0,"7":0,"8":0,"9":0,"10":0,"11":0},"b":{"0":[0,0],"1":[0,0]}}
}
