TN:
SF:/home/ilyas/script/vuetiful-utilities/src/utilities/array-get.js
FN:1,arrayGet
FN:2,(anonymous_1)
FNF:2
FNH:0
FNDA:0,arrayGet
FNDA:0,(anonymous_1)
DA:2,0
LF:1
LH:0
BRF:0
BRH:0
end_of_record
TN:
SF:/home/ilyas/script/vuetiful-utilities/src/utilities/average-of.js
FN:3,averageOf
FNF:1
FNH:1
FNDA:1,averageOf
DA:4,1
DA:6,1
LF:2
LH:2
BRDA:6,0,0,1
BRDA:6,0,1,0
BRF:2
BRH:1
end_of_record
TN:
SF:/home/ilyas/script/vuetiful-utilities/src/utilities/compare.js
FN:1,compare
FNF:1
FNH:0
FNDA:0,compare
DA:2,0
DA:4,0
DA:5,0
DA:6,0
DA:7,0
DA:9,0
LF:6
LH:0
BRDA:1,0,0,0
BRDA:4,1,0,0
BRDA:4,1,1,0
BRDA:6,2,0,0
BRDA:6,2,1,0
BRDA:9,3,0,0
BRDA:9,3,1,0
BRF:7
BRH:0
end_of_record
TN:
SF:/home/ilyas/script/vuetiful-utilities/src/utilities/exists.js
FN:1,exists
FNF:1
FNH:1
FNDA:12,exists
DA:2,12
LF:1
LH:1
BRDA:2,0,0,12
BRDA:2,0,1,12
BRF:2
BRH:2
end_of_record
TN:
SF:/home/ilyas/script/vuetiful-utilities/src/utilities/filter-by.js
FN:12,filterBy
FNF:1
FNH:1
FNDA:3,filterBy
DA:2,1
DA:13,3
DA:14,0
DA:17,3
DA:19,3
DA:20,6
DA:22,6
DA:23,14
DA:27,14
DA:28,0
DA:32,14
DA:34,14
DA:35,3
DA:36,3
DA:41,3
LF:15
LH:13
BRDA:13,0,0,0
BRDA:13,0,1,3
BRDA:27,1,0,0
BRDA:27,1,1,14
BRDA:34,2,0,3
BRDA:34,2,1,11
BRF:6
BRH:4
end_of_record
TN:
SF:/home/ilyas/script/vuetiful-utilities/src/utilities/filter.js
FN:6,filter
FN:9,(anonymous_1)
FN:10,(anonymous_2)
FNF:3
FNH:3
FNDA:4,filter
FNDA:10,(anonymous_1)
FNDA:14,(anonymous_2)
DA:7,4
DA:8,4
DA:9,4
DA:10,10
DA:11,14
DA:12,0
DA:13,14
DA:16,0
DA:17,14
DA:20,12
DA:21,2
DA:22,0
DA:24,2
DA:30,4
LF:14
LH:11
BRDA:8,0,0,4
BRDA:8,0,1,0
BRDA:11,1,0,0
BRDA:11,1,1,14
BRDA:13,2,0,0
BRDA:13,2,1,14
BRDA:17,3,0,12
BRDA:17,3,1,2
BRDA:21,4,0,0
BRDA:21,4,1,2
BRF:10
BRH:6
end_of_record
TN:
SF:/home/ilyas/script/vuetiful-utilities/src/utilities/first-of.js
FN:2,firstOf
FNF:1
FNH:0
FNDA:0,firstOf
DA:3,0
DA:4,0
DA:7,0
LF:3
LH:0
BRDA:3,0,0,0
BRDA:3,0,1,0
BRDA:3,1,0,0
BRDA:3,1,1,0
BRF:4
BRH:0
end_of_record
TN:
SF:/home/ilyas/script/vuetiful-utilities/src/utilities/group-by.js
FN:9,groupBy
FN:10,(anonymous_1)
FNF:2
FNH:0
FNDA:0,groupBy
FNDA:0,(anonymous_1)
DA:10,0
DA:12,0
DA:14,0
DA:15,0
DA:17,0
DA:18,0
DA:21,0
DA:24,0
LF:8
LH:0
BRDA:10,0,0,0
BRDA:10,0,1,0
BRDA:17,1,0,0
BRDA:17,1,1,0
BRF:4
BRH:0
end_of_record
TN:
SF:/home/ilyas/script/vuetiful-utilities/src/utilities/is-array.js
FN:1,isArray
FNF:1
FNH:1
FNDA:41,isArray
DA:2,41
LF:1
LH:1
BRF:0
BRH:0
end_of_record
TN:
SF:/home/ilyas/script/vuetiful-utilities/src/utilities/is-empty.js
FN:5,isEmpty
FNF:1
FNH:1
FNDA:11,isEmpty
DA:6,11
DA:7,5
DA:8,6
DA:9,5
DA:10,4
DA:11,4
DA:14,1
DA:16,1
LF:8
LH:8
BRDA:6,0,0,5
BRDA:6,0,1,6
BRDA:6,1,0,11
BRDA:6,1,1,8
BRDA:8,2,0,5
BRDA:8,2,1,1
BRDA:10,3,0,4
BRDA:10,3,1,0
BRF:8
BRH:7
end_of_record
TN:
SF:/home/ilyas/script/vuetiful-utilities/src/utilities/is-float.js
FN:1,isFloat
FNF:1
FNH:1
FNDA:2,isFloat
DA:2,2
LF:1
LH:1
BRDA:2,0,0,2
BRDA:2,0,1,2
BRF:2
BRH:2
end_of_record
TN:
SF:/home/ilyas/script/vuetiful-utilities/src/utilities/is-function.js
FN:1,isFunction
FNF:1
FNH:1
FNDA:2,isFunction
DA:2,2
DA:3,2
LF:2
LH:2
BRDA:4,0,0,2
BRDA:4,0,1,0
BRF:2
BRH:1
end_of_record
TN:
SF:/home/ilyas/script/vuetiful-utilities/src/utilities/is-integer.js
FN:1,isInteger
FNF:1
FNH:0
FNDA:0,isInteger
DA:2,0
DA:3,0
DA:5,0
DA:6,0
LF:4
LH:0
BRDA:2,0,0,0
BRDA:2,0,1,0
BRF:2
BRH:0
end_of_record
TN:
SF:/home/ilyas/script/vuetiful-utilities/src/utilities/is-object.js
FN:4,isObject
FNF:1
FNH:1
FNDA:23,isObject
DA:5,23
LF:1
LH:1
BRDA:6,0,0,23
BRDA:6,0,1,11
BRDA:6,0,2,11
BRDA:6,0,3,11
BRDA:6,0,4,11
BRDA:6,0,5,11
BRF:6
BRH:6
end_of_record
TN:
SF:/home/ilyas/script/vuetiful-utilities/src/utilities/is-string.js
FN:1,isString
FNF:1
FNH:1
FNDA:25,isString
DA:2,25
LF:1
LH:1
BRDA:2,0,0,25
BRDA:2,0,1,10
BRF:2
BRH:2
end_of_record
TN:
SF:/home/ilyas/script/vuetiful-utilities/src/utilities/last-of.js
FN:2,lastOf
FNF:1
FNH:0
FNDA:0,lastOf
DA:3,0
DA:4,0
DA:7,0
LF:3
LH:0
BRDA:3,0,0,0
BRDA:3,0,1,0
BRDA:3,1,0,0
BRDA:3,1,1,0
BRF:4
BRH:0
end_of_record
TN:
SF:/home/ilyas/script/vuetiful-utilities/src/utilities/map-values.js
FN:1,mapValues
FNF:1
FNH:0
FNDA:0,mapValues
DA:2,0
DA:4,0
DA:5,0
DA:8,0
LF:4
LH:0
BRF:0
BRH:0
end_of_record
TN:
SF:/home/ilyas/script/vuetiful-utilities/src/utilities/max-of.js
FN:4,max
FN:10,minOf
FN:11,(anonymous_3)
FN:18,(anonymous_4)
FNF:4
FNH:0
FNDA:0,max
FNDA:0,minOf
FNDA:0,(anonymous_3)
FNDA:0,(anonymous_4)
DA:1,0
DA:2,0
DA:5,0
DA:7,0
DA:11,0
DA:15,0
DA:16,0
DA:18,0
DA:19,0
DA:21,0
LF:10
LH:0
BRDA:7,0,0,0
BRDA:7,0,1,0
BRDA:11,1,0,0
BRDA:11,1,1,0
BRF:4
BRH:0
end_of_record
TN:
SF:/home/ilyas/script/vuetiful-utilities/src/utilities/median-of.js
FN:3,getValue
FN:7,medianOf
FNF:2
FNH:0
FNDA:0,getValue
FNDA:0,medianOf
DA:1,0
DA:4,0
DA:8,0
DA:9,0
DA:10,0
DA:12,0
DA:14,0
DA:15,0
DA:18,0
DA:20,0
LF:10
LH:0
BRDA:14,0,0,0
BRDA:14,0,1,0
BRF:2
BRH:0
end_of_record
TN:
SF:/home/ilyas/script/vuetiful-utilities/src/utilities/merge.js
FN:1,emptyTarget
FN:5,cloneUnlessOtherwiseSpecified
FN:13,defaultArrayMerge
FN:15,(anonymous_3)
FN:17,(anonymous_4)
FN:30,mergeObject
FN:33,(anonymous_6)
FN:37,(anonymous_7)
FN:47,isMergeableObject
FN:52,isNonNullObject
FN:56,isSpecial
FN:63,merge
FNF:12
FNH:8
FNDA:0,emptyTarget
FNDA:4,cloneUnlessOtherwiseSpecified
FNDA:0,defaultArrayMerge
FNDA:0,(anonymous_3)
FNDA:0,(anonymous_4)
FNDA:1,mergeObject
FNDA:2,(anonymous_6)
FNDA:2,(anonymous_7)
FNDA:7,isMergeableObject
FNDA:7,isNonNullObject
FNDA:1,isSpecial
FNDA:1,merge
DA:2,0
DA:6,4
DA:8,4
DA:14,0
DA:15,0
DA:16,0
DA:17,0
DA:18,0
DA:19,0
DA:21,0
DA:24,0
DA:27,0
DA:31,1
DA:32,1
DA:33,1
DA:34,2
DA:37,1
DA:38,2
DA:39,2
DA:41,0
DA:44,1
DA:48,7
DA:53,7
DA:57,1
DA:59,1
DA:64,1
DA:65,1
DA:66,1
DA:67,1
DA:69,1
DA:70,0
DA:71,1
DA:72,0
DA:73,0
DA:75,1
LF:35
LH:21
BRDA:2,0,0,0
BRDA:2,0,1,0
BRDA:6,1,0,4
BRDA:6,1,1,0
BRDA:8,2,0,0
BRDA:8,2,1,4
BRDA:8,3,0,4
BRDA:8,3,1,4
BRDA:16,4,0,0
BRDA:16,4,1,0
BRDA:18,5,0,0
BRDA:18,5,1,0
BRDA:32,6,0,1
BRDA:32,6,1,0
BRDA:38,7,0,2
BRDA:38,7,1,0
BRDA:38,8,0,2
BRDA:38,8,1,0
BRDA:48,9,0,7
BRDA:48,9,1,1
BRDA:53,10,0,7
BRDA:53,10,1,7
BRDA:59,11,0,1
BRDA:59,11,1,1
BRDA:66,12,0,1
BRDA:66,12,1,1
BRDA:69,13,0,0
BRDA:69,13,1,1
BRDA:71,14,0,0
BRDA:71,14,1,1
BRDA:72,15,0,0
BRDA:72,15,1,0
BRF:32
BRH:17
end_of_record
TN:
SF:/home/ilyas/script/vuetiful-utilities/src/utilities/min-of.js
FN:4,min
FN:10,minOf
FN:11,(anonymous_3)
FN:18,(anonymous_4)
FNF:4
FNH:0
FNDA:0,min
FNDA:0,minOf
FNDA:0,(anonymous_3)
FNDA:0,(anonymous_4)
DA:1,0
DA:2,0
DA:5,0
DA:7,0
DA:11,0
DA:15,0
DA:16,0
DA:18,0
DA:19,0
DA:21,0
LF:10
LH:0
BRDA:7,0,0,0
BRDA:7,0,1,0
BRDA:11,1,0,0
BRDA:11,1,1,0
BRF:4
BRH:0
end_of_record
TN:
SF:/home/ilyas/script/vuetiful-utilities/src/utilities/module-name.js
FN:1,moduleName
FNF:1
FNH:0
FNDA:0,moduleName
DA:3,0
LF:1
LH:0
BRF:0
BRH:0
end_of_record
TN:
SF:/home/ilyas/script/vuetiful-utilities/src/utilities/nest.js
FN:4,nest
FN:13,(anonymous_2)
FNF:2
FNH:0
FNDA:0,nest
FNDA:0,(anonymous_2)
DA:1,0
DA:2,0
DA:5,0
DA:6,0
DA:9,0
DA:11,0
DA:13,0
DA:14,0
LF:8
LH:0
BRDA:5,0,0,0
BRDA:5,0,1,0
BRF:2
BRH:0
end_of_record
TN:
SF:/home/ilyas/script/vuetiful-utilities/src/utilities/page-by.js
FN:3,pageBy
FNF:1
FNH:0
FNDA:0,pageBy
DA:4,0
DA:5,0
DA:7,0
DA:8,0
DA:11,0
LF:5
LH:0
BRF:0
BRH:0
end_of_record
TN:
SF:/home/ilyas/script/vuetiful-utilities/src/utilities/page.js
FN:1,page
FNF:1
FNH:1
FNDA:2,page
DA:2,2
DA:3,2
DA:4,2
DA:6,2
DA:7,22
DA:9,22
DA:10,2
DA:13,22
DA:15,22
DA:16,22
DA:19,2
LF:11
LH:11
BRDA:9,0,0,2
BRDA:9,0,1,20
BRF:2
BRH:2
end_of_record
TN:
SF:/home/ilyas/script/vuetiful-utilities/src/utilities/remove.js
FN:1,remove
FN:2,(anonymous_1)
FNF:2
FNH:2
FNDA:1,remove
FNDA:2,(anonymous_1)
DA:2,2
DA:3,1
LF:2
LH:2
BRF:0
BRH:0
end_of_record
TN:
SF:/home/ilyas/script/vuetiful-utilities/src/utilities/replace.js
FN:3,replace
FN:4,(anonymous_1)
FNF:2
FNH:2
FNDA:1,replace
FNDA:2,(anonymous_1)
DA:3,1
DA:4,2
DA:5,1
DA:6,1
LF:4
LH:4
BRF:0
BRH:0
end_of_record
TN:
SF:/home/ilyas/script/vuetiful-utilities/src/utilities/search.js
FN:4,search
FN:6,(anonymous_1)
FN:8,(anonymous_2)
FNF:3
FNH:3
FNDA:8,search
FNDA:6,(anonymous_1)
FNDA:11,(anonymous_2)
DA:5,8
DA:6,6
DA:7,6
DA:8,6
DA:9,11
DA:10,0
DA:13,11
DA:18,0
LF:8
LH:6
BRDA:5,0,0,2
BRDA:5,0,1,6
BRDA:7,1,0,6
BRDA:7,1,1,0
BRDA:9,2,0,0
BRDA:9,2,1,11
BRF:6
BRH:4
end_of_record
TN:
SF:/home/ilyas/script/vuetiful-utilities/src/utilities/sort-by.js
FN:10,sortBy
FN:12,(anonymous_1)
FN:20,(anonymous_2)
FNF:3
FNH:3
FNDA:14,sortBy
FNDA:144,(anonymous_1)
FNDA:78,(anonymous_2)
DA:11,14
DA:12,144
DA:14,14
DA:15,0
DA:18,14
DA:20,14
DA:21,78
DA:22,78
DA:24,78
DA:26,78
DA:29,14
LF:11
LH:10
BRDA:11,0,0,14
BRDA:11,0,1,12
BRDA:12,1,0,14
BRDA:12,1,1,12
BRDA:14,2,0,0
BRDA:14,2,1,14
BRDA:24,3,0,12
BRDA:24,3,1,66
BRDA:24,4,0,46
BRDA:24,4,1,20
BRF:10
BRH:9
end_of_record
TN:
SF:/home/ilyas/script/vuetiful-utilities/src/utilities/standard-deviation-of.js
FN:3,standardDeviationOf
FNF:1
FNH:0
FNDA:0,standardDeviationOf
DA:4,0
DA:6,0
LF:2
LH:0
BRDA:6,0,0,0
BRDA:6,0,1,0
BRF:2
BRH:0
end_of_record
TN:
SF:/home/ilyas/script/vuetiful-utilities/src/utilities/total-of.js
FN:3,total
FN:9,totalOf
FN:10,(anonymous_2)
FN:12,(anonymous_3)
FNF:4
FNH:4
FNDA:9,total
FNDA:5,totalOf
FNDA:6,(anonymous_2)
FNDA:9,(anonymous_3)
DA:4,9
DA:6,9
DA:10,6
DA:12,5
DA:13,9
DA:15,9
LF:6
LH:6
BRDA:6,0,0,0
BRDA:6,0,1,9
BRDA:10,1,0,5
BRDA:10,1,1,4
BRF:4
BRH:3
end_of_record
TN:
SF:/home/ilyas/script/vuetiful-utilities/src/utilities/variance-of.js
FN:4,varianceOf
FN:8,(anonymous_1)
FNF:2
FNH:0
FNDA:0,varianceOf
FNDA:0,(anonymous_1)
DA:5,0
DA:6,0
DA:8,0
DA:9,0
DA:11,0
DA:14,0
LF:6
LH:0
BRDA:14,0,0,0
BRDA:14,0,1,0
BRF:2
BRH:0
end_of_record
TN:
SF:/home/ilyas/script/vuetiful-utilities/src/utilities/base/aggregator.js
FN:1,aggregate
FNF:1
FNH:1
FNDA:5,aggregate
DA:2,5
DA:4,5
DA:5,9
DA:7,9
DA:8,0
DA:11,9
DA:14,5
LF:7
LH:6
BRDA:2,0,0,5
BRDA:2,0,1,5
BRDA:7,1,0,0
BRDA:7,1,1,9
BRF:4
BRH:3
end_of_record
TN:
SF:/home/ilyas/script/vuetiful-utilities/src/utilities/base/type-converter.js
FN:7,test
FN:13,test
FN:21,toNumber
FN:25,toNumber
FN:34,(anonymous_6)
FNF:5
FNH:0
FNDA:0,test
FNDA:0,test
FNDA:0,toNumber
FNDA:0,toNumber
FNDA:0,(anonymous_6)
DA:1,0
DA:3,0
DA:5,0
DA:8,0
DA:14,0
DA:15,0
DA:18,0
DA:19,0
DA:21,0
DA:25,0
DA:26,0
DA:27,0
DA:29,0
DA:30,0
DA:34,0
LF:15
LH:0
BRDA:8,0,0,0
BRDA:8,0,1,0
BRDA:14,1,0,0
BRDA:14,1,1,0
BRDA:29,2,0,0
BRDA:29,2,1,0
BRDA:25,3,0,0
BRDA:25,3,1,0
BRF:8
BRH:0
end_of_record
TN:
SF:/home/ilyas/script/vuetiful-utilities/src/utilities/base/type-validator.js
FN:13,isType
FN:17,isAny
FN:29,isArray
FN:33,isBoolean
FN:37,isDate
FN:41,isNull
FN:45,isNumber
FN:49,isObject
FN:53,isString
FN:57,isUndefined
FN:61,isPrimitive
FN:65,isCollection
FNF:12
FNH:0
FNDA:0,isType
FNDA:0,isAny
FNDA:0,isArray
FNDA:0,isBoolean
FNDA:0,isDate
FNDA:0,isNull
FNDA:0,isNumber
FNDA:0,isObject
FNDA:0,isString
FNDA:0,isUndefined
FNDA:0,isPrimitive
FNDA:0,isCollection
DA:2,0
DA:14,0
DA:17,0
DA:18,0
DA:19,0
DA:21,0
DA:22,0
DA:23,0
DA:26,0
DA:30,0
DA:34,0
DA:38,0
DA:42,0
DA:46,0
DA:50,0
DA:54,0
DA:58,0
DA:62,0
DA:66,0
LF:19
LH:0
BRDA:21,0,0,0
BRDA:21,0,1,0
BRDA:38,1,0,0
BRDA:38,1,1,0
BRF:4
BRH:0
end_of_record
